mar. 21, 2023 11:02:02 DA TARDE MyLogger logNewMessage
INFO: 2023-03-21 23:02:02.14 - Action : CONNECTED - CLIENT0
mar. 21, 2023 11:02:03 DA TARDE MyLogger logNewMessage
INFO: 2023-03-21 23:02:03.796 - Action : CONNECTED - CLIENT1
mar. 21, 2023 11:02:06 DA TARDE MyLogger logNewMessage
INFO: 2023-03-21 23:02:06.441 - Action : CONNECTED - CLIENT2
mar. 21, 2023 11:02:20 DA TARDE MyLogger logNewMessage
INFO: 2023-03-21 23:02:20.978 - Action : MESSAGE Client - 0 - test
mar. 21, 2023 11:02:30 DA TARDE MyLogger logNewMessage
INFO: 2023-03-21 23:02:30.937 - Action : MESSAGE Client - 1 - fuck
mar. 21, 2023 11:02:42 DA TARDE MyLogger logNewMessage
INFO: 2023-03-21 23:02:42.833 - Action : MESSAGE Client - 2 - motherfucker
mar. 21, 2023 11:02:52 DA TARDE MyLogger logNewMessage
INFO: 2023-03-21 23:02:52.401 - Action : CONNECTED - CLIENT3
mar. 21, 2023 11:03:18 DA TARDE MyLogger logNewMessage
INFO: 2023-03-21 23:03:18.181 - Action : MESSAGE Client - 3 - HELLO
mar. 22, 2023 9:11:04 DA MANHÃ MyLogger logNewMessage
INFO: 2023-03-22 09:11:04.678 - Action : CONNECTED - CLIENT0
mar. 22, 2023 9:11:11 DA MANHÃ MyLogger logNewMessage
INFO: 2023-03-22 09:11:11.171 - Action : CONNECTED - CLIENT1
mar. 22, 2023 9:11:15 DA MANHÃ MyLogger logNewMessage
INFO: 2023-03-22 09:11:15.826 - Action : MESSAGE Client - 1 - bla bla
mar. 22, 2023 9:11:19 DA MANHÃ MyLogger logNewMessage
INFO: 2023-03-22 09:11:19.624 - Action : MESSAGE Client - 1 - fuck
mar. 22, 2023 9:11:23 DA MANHÃ MyLogger logNewMessage
INFO: 2023-03-22 09:11:23.843 - Action : CONNECTED - CLIENT2
mar. 22, 2023 9:11:26 DA MANHÃ MyLogger logNewMessage
INFO: 2023-03-22 09:11:26.505 - Action : MESSAGE Client - 2 - yooo
mar. 22, 2023 9:11:28 DA MANHÃ MyLogger logNewMessage
INFO: 2023-03-22 09:11:28.876 - Action : CONNECTED - CLIENT3
mar. 22, 2023 9:11:31 DA MANHÃ MyLogger logNewMessage
INFO: 2023-03-22 09:11:31.025 - Action : MESSAGE Client - 3 - lel
mar. 22, 2023 9:11:33 DA MANHÃ MyLogger logNewMessage
INFO: 2023-03-22 09:11:33.172 - Action : CONNECTED - CLIENT4
mar. 22, 2023 2:16:55 DA TARDE MyLogger logNewMessage
INFO: 2023-03-22 14:16:55.484 - Action : CONNECTED - CLIENT0
mar. 22, 2023 2:16:58 DA TARDE MyLogger logNewMessage
INFO: 2023-03-22 14:16:58.206 - Action : MESSAGE Client - 0 - yooo
mar. 22, 2023 2:17:00 DA TARDE MyLogger logNewMessage
INFO: 2023-03-22 14:17:00.081 - Action : MESSAGE Client - 0 - test
mar. 22, 2023 2:17:14 DA TARDE MyLogger logNewMessage
INFO: 2023-03-22 14:17:14.934 - Action : CONNECTED - CLIENT1
mar. 22, 2023 2:17:17 DA TARDE MyLogger logNewMessage
INFO: 2023-03-22 14:17:17.952 - Action : MESSAGE Client - 1 - fuck
mar. 22, 2023 2:17:26 DA TARDE MyLogger logNewMessage
INFO: 2023-03-22 14:17:26.184 - Action : MESSAGE Client - 1 - bal bal ala
mar. 22, 2023 2:17:32 DA TARDE MyLogger logNewMessage
INFO: 2023-03-22 14:17:32.669 - Action : CONNECTED - CLIENT2
mar. 22, 2023 2:17:55 DA TARDE MyLogger logNewMessage
INFO: 2023-03-22 14:17:55.022 - Action : MESSAGE Client - 2 - asada
mar. 22, 2023 2:18:35 DA TARDE MyLogger logNewMessage
INFO: 2023-03-22 14:18:35.704 - Action : MESSAGE Client - 2 - it's Britney Bitch
mar. 22, 2023 2:18:43 DA TARDE MyLogger logNewMessage
INFO: 2023-03-22 14:18:43.714 - Action : MESSAGE Client - 2 - It's Britney Bitch
mar. 22, 2023 2:18:46 DA TARDE MyLogger logNewMessage
INFO: 2023-03-22 14:18:46.161 - Action : MESSAGE Client - 2 - bitch
mar. 22, 2023 2:19:05 DA TARDE MyLogger logNewMessage
INFO: 2023-03-22 14:19:05.256 - Action : MESSAGE Client - 2 - hoe
mar. 22, 2023 2:19:09 DA TARDE MyLogger logNewMessage
INFO: 2023-03-22 14:19:09.12 - Action : CONNECTED - CLIENT3
mar. 22, 2023 2:25:56 DA TARDE MyLogger logNewMessage
INFO: 2023-03-22 14:25:56.291 - Action : CONNECTED - CLIENT1
mar. 22, 2023 2:25:59 DA TARDE MyLogger logNewMessage
INFO: 2023-03-22 14:25:59.572 - Action : MESSAGE Client - 1 - bitch
mar. 22, 2023 2:26:02 DA TARDE MyLogger logNewMessage
INFO: 2023-03-22 14:26:02.494 - Action : MESSAGE Client - 1 - fuck
mar. 22, 2023 2:26:04 DA TARDE MyLogger logNewMessage
INFO: 2023-03-22 14:26:04.106 - Action : MESSAGE Client - 1 - Fuck
mar. 22, 2023 2:28:13 DA TARDE MyLogger logNewMessage
INFO: 2023-03-22 14:28:13.908 - Action : CONNECTED - CLIENT1
mar. 22, 2023 2:28:20 DA TARDE MyLogger logNewMessage
INFO: 2023-03-22 14:28:20.246 - Action : MESSAGE Client - 1 - It's Britney Bitch
mar. 22, 2023 2:29:27 DA TARDE MyLogger logNewMessage
INFO: 2023-03-22 14:29:27.339 - Action : CONNECTED - CLIENT0
mar. 22, 2023 2:29:28 DA TARDE MyLogger logNewMessage
INFO: 2023-03-22 14:29:28.917 - Action : MESSAGE Client - 0 - test
mar. 22, 2023 2:29:33 DA TARDE MyLogger logNewMessage
INFO: 2023-03-22 14:29:33.947 - Action : MESSAGE Client - 0 - It's Britney Bitch
mar. 22, 2023 2:29:37 DA TARDE MyLogger logNewMessage
INFO: 2023-03-22 14:29:37.939 - Action : CONNECTED - CLIENT1
mar. 22, 2023 2:29:43 DA TARDE MyLogger logNewMessage
INFO: 2023-03-22 14:29:43.023 - Action : MESSAGE Client - 1 - duck
mar. 22, 2023 2:29:44 DA TARDE MyLogger logNewMessage
INFO: 2023-03-22 14:29:44.694 - Action : MESSAGE Client - 1 - fuck
mar. 22, 2023 2:30:08 DA TARDE MyLogger logNewMessage
INFO: 2023-03-22 14:30:08.766 - Action : CONNECTED - CLIENT2
mar. 22, 2023 2:30:11 DA TARDE MyLogger logNewMessage
INFO: 2023-03-22 14:30:11.31 - Action : MESSAGE Client - 2 - test yooo
mar. 22, 2023 2:30:14 DA TARDE MyLogger logNewMessage
INFO: 2023-03-22 14:30:14.61 - Action : MESSAGE Client - 2 - fuckery
mar. 22, 2023 2:30:15 DA TARDE MyLogger logNewMessage
INFO: 2023-03-22 14:30:15.659 - Action : MESSAGE Client - 2 - fuck
mar. 22, 2023 2:30:18 DA TARDE MyLogger logNewMessage
INFO: 2023-03-22 14:30:18.439 - Action : CONNECTED - CLIENT3
mar. 22, 2023 3:00:55 DA TARDE MyLogger logNewMessage
INFO: 2023-03-22 15:00:55.618 - Action : CONNECTED - CLIENT0
mar. 22, 2023 3:00:58 DA TARDE MyLogger logNewMessage
INFO: 2023-03-22 15:00:58.446 - Action : MESSAGE Client - 0 - fuck
mar. 22, 2023 3:01:06 DA TARDE MyLogger logNewMessage
INFO: 2023-03-22 15:01:06.253 - Action : CONNECTED - CLIENT1
mar. 22, 2023 3:01:09 DA TARDE MyLogger logNewMessage
INFO: 2023-03-22 15:01:09.623 - Action : MESSAGE Client - 1 - yoooo
mar. 22, 2023 3:01:11 DA TARDE MyLogger logNewMessage
INFO: 2023-03-22 15:01:11.651 - Action : MESSAGE Client - 1 - hello
mar. 22, 2023 3:01:13 DA TARDE MyLogger logNewMessage
INFO: 2023-03-22 15:01:13.669 - Action : CONNECTED - CLIENT2
mar. 22, 2023 3:01:25 DA TARDE MyLogger logNewMessage
INFO: 2023-03-22 15:01:25.009 - Action : MESSAGE Client - 2 - baby, it's cold outside
mar. 22, 2023 3:01:27 DA TARDE MyLogger logNewMessage
INFO: 2023-03-22 15:01:27.626 - Action : CONNECTED - CLIENT3
mar. 22, 2023 3:02:04 DA TARDE MyLogger logNewMessage
INFO: 2023-03-22 15:02:04.682 - Action : CONNECTED - CLIENT4
mar. 23, 2023 11:41:17 DA MANHÃ MyLogger logNewMessage
INFO: 2023-03-23 11:41:17.191 - Action : CONNECTED - CLIENT0
mar. 23, 2023 11:41:30 DA MANHÃ MyLogger logNewMessage
INFO: 2023-03-23 11:41:30.246 - Action : MESSAGE Client - 0 - yo
mar. 23, 2023 11:41:37 DA MANHÃ MyLogger logNewMessage
INFO: 2023-03-23 11:41:37.093 - Action : CONNECTED - CLIENT1
mar. 23, 2023 11:41:40 DA MANHÃ MyLogger logNewMessage
INFO: 2023-03-23 11:41:40.431 - Action : MESSAGE Client - 1 - test
mar. 23, 2023 11:41:43 DA MANHÃ MyLogger logNewMessage
INFO: 2023-03-23 11:41:43.182 - Action : CONNECTED - CLIENT2
mar. 23, 2023 11:41:46 DA MANHÃ MyLogger logNewMessage
INFO: 2023-03-23 11:41:46.269 - Action : MESSAGE Client - 2 - await
mar. 23, 2023 11:41:49 DA MANHÃ MyLogger logNewMessage
INFO: 2023-03-23 11:41:49.121 - Action : CONNECTED - CLIENT3
mar. 23, 2023 11:42:02 DA MANHÃ MyLogger logNewMessage
INFO: 2023-03-23 11:42:02.365 - Action : MESSAGE Client - 2 - test
mar. 23, 2023 11:42:30 DA MANHÃ MyLogger logNewMessage
INFO: 2023-03-23 11:42:30.23 - Action : CONNECTED - CLIENT4
mar. 23, 2023 11:42:48 DA MANHÃ MyLogger logNewMessage
INFO: 2023-03-23 11:42:48.635 - Action : DISCONNECTED - CLIENT0
mar. 23, 2023 11:42:51 DA MANHÃ MyLogger logNewMessage
INFO: 2023-03-23 11:42:51.322 - Action : MESSAGE Client - 3 - fuck
mar. 23, 2023 12:01:58 DA TARDE MyLogger logNewMessage
INFO: 2023-03-23 12:01:58.129 - Action : CONNECTED - CLIENT1
mar. 23, 2023 12:02:00 DA TARDE MyLogger logNewMessage
INFO: 2023-03-23 12:02:00.654 - Action : MESSAGE Client - 1 - yooo
mar. 23, 2023 12:02:06 DA TARDE MyLogger logNewMessage
INFO: 2023-03-23 12:02:06.021 - Action : CONNECTED - CLIENT2
mar. 23, 2023 12:02:07 DA TARDE MyLogger logNewMessage
INFO: 2023-03-23 12:02:07.923 - Action : MESSAGE Client - 2 - test
mar. 23, 2023 12:02:10 DA TARDE MyLogger logNewMessage
INFO: 2023-03-23 12:02:10.617 - Action : MESSAGE Client - 2 - fuck
mar. 23, 2023 12:02:13 DA TARDE MyLogger logNewMessage
INFO: 2023-03-23 12:02:13.753 - Action : CONNECTED - CLIENT3
mar. 23, 2023 12:02:17 DA TARDE MyLogger logNewMessage
INFO: 2023-03-23 12:02:17.158 - Action : MESSAGE Client - 3 - yo
mar. 23, 2023 12:02:20 DA TARDE MyLogger logNewMessage
INFO: 2023-03-23 12:02:20.323 - Action : CONNECTED - CLIENT4
mar. 23, 2023 12:02:20 DA TARDE MyLogger logNewMessage
INFO: 2023-03-23 12:02:20.324 - Action : WAITING - CLIENT4
mar. 23, 2023 12:03:31 DA TARDE MyLogger logNewMessage
INFO: 2023-03-23 12:03:31.058 - Action : CONNECTED - CLIENT1
mar. 23, 2023 12:03:37 DA TARDE MyLogger logNewMessage
INFO: 2023-03-23 12:03:37.535 - Action : MESSAGE Client - 1 - fucc
mar. 23, 2023 12:03:41 DA TARDE MyLogger logNewMessage
INFO: 2023-03-23 12:03:41.42 - Action : CONNECTED - CLIENT2
mar. 23, 2023 12:03:44 DA TARDE MyLogger logNewMessage
INFO: 2023-03-23 12:03:44.821 - Action : MESSAGE Client - 2 - this
mar. 23, 2023 12:03:47 DA TARDE MyLogger logNewMessage
INFO: 2023-03-23 12:03:47.439 - Action : CONNECTED - CLIENT3
mar. 23, 2023 12:03:52 DA TARDE MyLogger logNewMessage
INFO: 2023-03-23 12:03:52.511 - Action : MESSAGE Client - 3 - project
mar. 23, 2023 12:03:58 DA TARDE MyLogger logNewMessage
INFO: 2023-03-23 12:03:58.732 - Action : WAITING - CLIENT4
mar. 23, 2023 12:04:16 DA TARDE MyLogger logNewMessage
INFO: 2023-03-23 12:04:16.032 - Action : CONNECTED - CLIENT4
mar. 23, 2023 12:04:16 DA TARDE MyLogger logNewMessage
INFO: 2023-03-23 12:04:16.033 - Action : MESSAGE Client - 4 - kjsdfhjd
mar. 23, 2023 12:05:54 DA TARDE MyLogger logNewMessage
INFO: 2023-03-23 12:05:54.109 - Action : CONNECTED - CLIENT1
mar. 23, 2023 12:05:58 DA TARDE MyLogger logNewMessage
INFO: 2023-03-23 12:05:58.446 - Action : MESSAGE Client - 1 - kill
mar. 23, 2023 12:06:01 DA TARDE MyLogger logNewMessage
INFO: 2023-03-23 12:06:01.617 - Action : CONNECTED - CLIENT2
mar. 23, 2023 12:06:03 DA TARDE MyLogger logNewMessage
INFO: 2023-03-23 12:06:03.914 - Action : MESSAGE Client - 2 - meee
mar. 23, 2023 12:06:07 DA TARDE MyLogger logNewMessage
INFO: 2023-03-23 12:06:07.196 - Action : CONNECTED - CLIENT3
mar. 23, 2023 12:06:09 DA TARDE MyLogger logNewMessage
INFO: 2023-03-23 12:06:09.929 - Action : MESSAGE Client - 3 - pls
mar. 23, 2023 12:06:12 DA TARDE MyLogger logNewMessage
INFO: 2023-03-23 12:06:12.83 - Action : WAITING - CLIENT4
mar. 23, 2023 12:06:23 DA TARDE MyLogger logNewMessage
INFO: 2023-03-23 12:06:23.519 - Action : DISCONNECTED - CLIENT1
mar. 23, 2023 12:06:23 DA TARDE MyLogger logNewMessage
INFO: 2023-03-23 12:06:23.52 - Action : CONNECTED - CLIENT4
mar. 23, 2023 12:06:23 DA TARDE MyLogger logNewMessage
INFO: 2023-03-23 12:06:23.521 - Action : MESSAGE Client - 4 - bla bla bla
mar. 23, 2023 12:07:50 DA TARDE MyLogger logNewMessage
INFO: 2023-03-23 12:07:50.54 - Action : CONNECTED - CLIENT1
mar. 23, 2023 12:07:53 DA TARDE MyLogger logNewMessage
INFO: 2023-03-23 12:07:53.284 - Action : MESSAGE Client - 1 - yooo
mar. 23, 2023 12:07:58 DA TARDE MyLogger logNewMessage
INFO: 2023-03-23 12:07:58.715 - Action : CONNECTED - CLIENT2
mar. 23, 2023 12:08:12 DA TARDE MyLogger logNewMessage
INFO: 2023-03-23 12:08:12.458 - Action : MESSAGE Client - 2 - repates the same thing for the 100th time
mar. 23, 2023 12:08:16 DA TARDE MyLogger logNewMessage
INFO: 2023-03-23 12:08:16.088 - Action : CONNECTED - CLIENT3
mar. 23, 2023 12:08:20 DA TARDE MyLogger logNewMessage
INFO: 2023-03-23 12:08:20.746 - Action : MESSAGE Client - 3 - test
mar. 23, 2023 12:08:24 DA TARDE MyLogger logNewMessage
INFO: 2023-03-23 12:08:24.268 - Action : WAITING - CLIENT4
mar. 23, 2023 12:08:35 DA TARDE MyLogger logNewMessage
INFO: 2023-03-23 12:08:35.663 - Action : DISCONNECTED - CLIENT1
mar. 23, 2023 12:08:35 DA TARDE MyLogger logNewMessage
INFO: 2023-03-23 12:08:35.664 - Action : CONNECTED - CLIENT4
mar. 23, 2023 12:08:35 DA TARDE MyLogger logNewMessage
INFO: 2023-03-23 12:08:35.664 - Action : MESSAGE Client - 4 - penguin
