mar. 24, 2023 1:35:47 DA TARDE MyLogger logNewMessage
INFO: 2023-03-24 13:35:47.386 - Action : CONNECTED - CLIENT0
mar. 24, 2023 1:37:09 DA TARDE MyLogger logNewMessage
INFO: 2023-03-24 13:37:09.826 - Action : CONNECTED - CLIENT0
mar. 24, 2023 1:39:10 DA TARDE MyLogger logNewMessage
INFO: 2023-03-24 13:39:10.141 - Action : CONNECTED - CLIENT0
mar. 24, 2023 1:41:45 DA TARDE MyLogger logNewMessage
INFO: 2023-03-24 13:41:45.834 - Action : CONNECTED - CLIENT1
mar. 24, 2023 3:07:09 DA TARDE MyLogger logNewMessage
INFO: 2023-03-24 15:07:09.504 - Action : CONNECTED - CLIENT0
mar. 24, 2023 3:07:14 DA TARDE MyLogger logNewMessage
INFO: 2023-03-24 15:07:14.509 - Action : MESSAGE Client - 0 - hola
mar. 24, 2023 3:09:02 DA TARDE MyLogger logNewMessage
INFO: 2023-03-24 15:09:02.102 - Action : CONNECTED - CLIENT1
mar. 24, 2023 3:09:05 DA TARDE MyLogger logNewMessage
INFO: 2023-03-24 15:09:05.103 - Action : MESSAGE Client - 1 - ey
mar. 24, 2023 3:28:12 DA TARDE MyLogger logNewMessage
INFO: 2023-03-24 15:28:12.51 - Action : CONNECTED - CLIENT0
mar. 24, 2023 3:46:13 DA TARDE MyLogger logNewMessage
INFO: 2023-03-24 15:46:13.777 - Action : CONNECTED - CLIENT0
mar. 24, 2023 3:55:24 DA TARDE MyLogger logNewMessage
INFO: 2023-03-24 15:55:24.713 - Action : CONNECTED - CLIENT0
mar. 24, 2023 3:56:51 DA TARDE MyLogger logNewMessage
INFO: 2023-03-24 15:56:51.055 - Action : CONNECTED - CLIENT1
mar. 24, 2023 3:58:10 DA TARDE MyLogger logNewMessage
INFO: 2023-03-24 15:58:10.867 - Action : CONNECTED - CLIENT2
mar. 24, 2023 3:58:15 DA TARDE MyLogger logNewMessage
INFO: 2023-03-24 15:58:15.992 - Action : CONNECTED - CLIENT3
mar. 24, 2023 3:58:43 DA TARDE MyLogger logNewMessage
INFO: 2023-03-24 15:58:43.853 - Action : CONNECTED - CLIENT0
mar. 24, 2023 3:58:48 DA TARDE MyLogger logNewMessage
INFO: 2023-03-24 15:58:48.783 - Action : MESSAGE Client - 0 - hola
mar. 24, 2023 3:58:57 DA TARDE MyLogger logNewMessage
INFO: 2023-03-24 15:58:57.414 - Action : CONNECTED - CLIENT1
mar. 24, 2023 3:59:05 DA TARDE MyLogger logNewMessage
INFO: 2023-03-24 15:59:05.036 - Action : CONNECTED - CLIENT2
mar. 24, 2023 3:59:08 DA TARDE MyLogger logNewMessage
INFO: 2023-03-24 15:59:08.986 - Action : CONNECTED - CLIENT3
mar. 24, 2023 5:12:35 DA TARDE MyLogger logNewMessage
INFO: 2023-03-24 17:12:35.796 - Action : CONNECTED - CLIENT0
mar. 24, 2023 5:13:25 DA TARDE MyLogger logNewMessage
INFO: 2023-03-24 17:13:25.077 - Action : CONNECTED - CLIENT1
mar. 24, 2023 5:14:06 DA TARDE MyLogger logNewMessage
INFO: 2023-03-24 17:14:06.772 - Action : CONNECTED - CLIENT2
mar. 24, 2023 5:21:07 DA TARDE MyLogger logNewMessage
INFO: 2023-03-24 17:21:07.838 - Action : CONNECTED - CLIENT0
mar. 24, 2023 5:21:32 DA TARDE MyLogger logNewMessage
INFO: 2023-03-24 17:21:32.298 - Action : CONNECTED - CLIENT1
mar. 24, 2023 5:41:10 DA TARDE MyLogger logNewMessage
INFO: 2023-03-24 17:41:10.476 - Action : CONNECTED - CLIENT0
mar. 24, 2023 5:41:26 DA TARDE MyLogger logNewMessage
INFO: 2023-03-24 17:41:26.066 - Action : CONNECTED - CLIENT1
mar. 24, 2023 5:42:03 DA TARDE MyLogger logNewMessage
INFO: 2023-03-24 17:42:02.981 - Action : CONNECTED - CLIENT0
mar. 24, 2023 5:42:31 DA TARDE MyLogger logNewMessage
INFO: 2023-03-24 17:42:31.34 - Action : CONNECTED - CLIENT1
mar. 24, 2023 5:42:54 DA TARDE MyLogger logNewMessage
INFO: 2023-03-24 17:42:54.661 - Action : CONNECTED - CLIENT2
mar. 24, 2023 5:43:24 DA TARDE MyLogger logNewMessage
INFO: 2023-03-24 17:43:24.47 - Action : MESSAGE Client - 0 - hola
mar. 24, 2023 6:03:34 DA TARDE MyLogger logNewMessage
INFO: 2023-03-24 18:03:34.67 - Action : CONNECTED - CLIENT0
mar. 24, 2023 6:03:42 DA TARDE MyLogger logNewMessage
INFO: 2023-03-24 18:03:42.72 - Action : MESSAGE Client - 0 - 
mar. 24, 2023 6:05:03 DA TARDE MyLogger logNewMessage
INFO: 2023-03-24 18:05:03.651 - Action : CONNECTED - CLIENT0
mar. 24, 2023 8:20:48 DA TARDE MyLogger logNewMessage
INFO: 2023-03-24 20:20:48.295 - Action : CONNECTED - CLIENT0
mar. 24, 2023 8:20:57 DA TARDE MyLogger logNewMessage
INFO: 2023-03-24 20:20:57.438 - Action : DISCONNECTED - CLIENT0
mar. 24, 2023 8:22:25 DA TARDE MyLogger logNewMessage
INFO: 2023-03-24 20:22:25.302 - Action : CONNECTED - CLIENT0
mar. 24, 2023 8:22:28 DA TARDE MyLogger logNewMessage
INFO: 2023-03-24 20:22:28.436 - Action : DISCONNECTED - CLIENT0
mar. 24, 2023 8:31:31 DA TARDE MyLogger logNewMessage
INFO: 2023-03-24 20:31:31.424 - Action : CONNECTED - CLIENT0
mar. 24, 2023 8:32:13 DA TARDE MyLogger logNewMessage
INFO: 2023-03-24 20:32:13.722 - Action : CONNECTED - CLIENT0
mar. 24, 2023 8:32:19 DA TARDE MyLogger logNewMessage
INFO: 2023-03-24 20:32:19.347 - Action : DISCONNECTED - CLIENT0
mar. 24, 2023 8:34:13 DA TARDE MyLogger logNewMessage
INFO: 2023-03-24 20:34:13.634 - Action : CONNECTED - CLIENT1
mar. 24, 2023 8:34:17 DA TARDE MyLogger logNewMessage
INFO: 2023-03-24 20:34:17.057 - Action : DISCONNECTED - CLIENT1
mar. 24, 2023 8:35:33 DA TARDE MyLogger logNewMessage
INFO: 2023-03-24 20:35:33.508 - Action : CONNECTED - CLIENT2
mar. 24, 2023 8:35:36 DA TARDE MyLogger logNewMessage
INFO: 2023-03-24 20:35:36.884 - Action : DISCONNECTED - CLIENT2
mar. 24, 2023 8:37:50 DA TARDE MyLogger logNewMessage
INFO: 2023-03-24 20:37:50.932 - Action : CONNECTED - CLIENT0
mar. 24, 2023 8:37:53 DA TARDE MyLogger logNewMessage
INFO: 2023-03-24 20:37:53.642 - Action : DISCONNECTED - CLIENT0
mar. 24, 2023 8:39:10 DA TARDE MyLogger logNewMessage
INFO: 2023-03-24 20:39:09.984 - Action : CONNECTED - CLIENT0
mar. 24, 2023 8:39:12 DA TARDE MyLogger logNewMessage
INFO: 2023-03-24 20:39:12.821 - Action : DISCONNECTED - CLIENT0
mar. 24, 2023 8:40:16 DA TARDE MyLogger logNewMessage
INFO: 2023-03-24 20:40:16.344 - Action : CONNECTED - CLIENT0
mar. 24, 2023 8:40:19 DA TARDE MyLogger logNewMessage
INFO: 2023-03-24 20:40:19.413 - Action : DISCONNECTED - CLIENT0
mar. 24, 2023 8:40:52 DA TARDE MyLogger logNewMessage
INFO: 2023-03-24 20:40:52.935 - Action : CONNECTED - CLIENT0
mar. 24, 2023 8:40:55 DA TARDE MyLogger logNewMessage
INFO: 2023-03-24 20:40:55.897 - Action : DISCONNECTED - CLIENT0
mar. 24, 2023 8:46:09 DA TARDE MyLogger logNewMessage
INFO: 2023-03-24 20:46:09.192 - Action : CONNECTED - CLIENT0
mar. 24, 2023 8:46:12 DA TARDE MyLogger logNewMessage
INFO: 2023-03-24 20:46:12.068 - Action : DISCONNECTED - CLIENT0
mar. 24, 2023 8:49:05 DA TARDE MyLogger logNewMessage
INFO: 2023-03-24 20:49:05.008 - Action : CONNECTED - CLIENT0
mar. 24, 2023 8:49:07 DA TARDE MyLogger logNewMessage
INFO: 2023-03-24 20:49:07.886 - Action : DISCONNECTED - CLIENT0
mar. 24, 2023 9:01:38 DA TARDE MyLogger logNewMessage
INFO: 2023-03-24 21:01:38.076 - Action : CONNECTED - CLIENT0
mar. 24, 2023 9:01:41 DA TARDE MyLogger logNewMessage
INFO: 2023-03-24 21:01:41.25 - Action : DISCONNECTED - CLIENT0
mar. 24, 2023 9:15:15 DA TARDE MyLogger logNewMessage
INFO: 2023-03-24 21:15:15.563 - Action : CONNECTED - CLIENT0
mar. 24, 2023 9:15:18 DA TARDE MyLogger logNewMessage
INFO: 2023-03-24 21:15:18.79 - Action : DISCONNECTED - CLIENT0
mar. 24, 2023 9:56:50 DA TARDE MyLogger logNewMessage
INFO: 2023-03-24 21:56:50.437 - Action : CONNECTED - CLIENT0
mar. 24, 2023 9:56:56 DA TARDE MyLogger logNewMessage
INFO: 2023-03-24 21:56:56.131 - Action : DISCONNECTED - CLIENT0
mar. 24, 2023 9:57:16 DA TARDE MyLogger logNewMessage
INFO: 2023-03-24 21:57:16.197 - Action : CONNECTED - CLIENT1
mar. 24, 2023 10:00:05 DA TARDE MyLogger logNewMessage
INFO: 2023-03-24 22:00:05.548 - Action : CONNECTED - CLIENT0
mar. 24, 2023 10:01:45 DA TARDE MyLogger logNewMessage
INFO: 2023-03-24 22:01:45.0 - Action : CONNECTED - CLIENT0
mar. 24, 2023 10:02:07 DA TARDE MyLogger logNewMessage
INFO: 2023-03-24 22:02:07.625 - Action : CONNECTED - CLIENT1
mar. 24, 2023 10:08:36 DA TARDE MyLogger logNewMessage
INFO: 2023-03-24 22:08:36.558 - Action : CONNECTED - CLIENT0
mar. 24, 2023 10:08:48 DA TARDE MyLogger logNewMessage
INFO: 2023-03-24 22:08:48.083 - Action : CONNECTED - CLIENT1
mar. 24, 2023 10:08:52 DA TARDE MyLogger logNewMessage
INFO: 2023-03-24 22:08:52.165 - Action : CONNECTED - CLIENT2
mar. 24, 2023 10:09:05 DA TARDE MyLogger logNewMessage
INFO: 2023-03-24 22:09:05.902 - Action : CONNECTED - CLIENT3
mar. 24, 2023 10:09:22 DA TARDE MyLogger logNewMessage
INFO: 2023-03-24 22:09:22.818 - Action : DISCONNECTED - CLIENT0
mar. 24, 2023 10:11:45 DA TARDE MyLogger logNewMessage
INFO: 2023-03-24 22:11:45.581 - Action : CONNECTED - CLIENT0
mar. 24, 2023 10:11:49 DA TARDE MyLogger logNewMessage
INFO: 2023-03-24 22:11:49.34 - Action : CONNECTED - CLIENT1
mar. 24, 2023 10:11:53 DA TARDE MyLogger logNewMessage
INFO: 2023-03-24 22:11:53.348 - Action : CONNECTED - CLIENT2
mar. 24, 2023 10:11:59 DA TARDE MyLogger logNewMessage
INFO: 2023-03-24 22:11:59.273 - Action : CONNECTED - CLIENT3
mar. 24, 2023 10:12:04 DA TARDE MyLogger logNewMessage
INFO: 2023-03-24 22:12:04.489 - Action : DISCONNECTED - CLIENT2
mar. 24, 2023 10:15:41 DA TARDE MyLogger logNewMessage
INFO: 2023-03-24 22:15:41.12 - Action : CONNECTED - CLIENT0
mar. 24, 2023 10:15:53 DA TARDE MyLogger logNewMessage
INFO: 2023-03-24 22:15:53.98 - Action : CONNECTED - CLIENT1
mar. 24, 2023 10:15:57 DA TARDE MyLogger logNewMessage
INFO: 2023-03-24 22:15:57.615 - Action : CONNECTED - CLIENT2
mar. 24, 2023 10:16:07 DA TARDE MyLogger logNewMessage
INFO: 2023-03-24 22:16:07.452 - Action : CONNECTED - CLIENT3
mar. 24, 2023 10:16:23 DA TARDE MyLogger logNewMessage
INFO: 2023-03-24 22:16:23.106 - Action : CONNECTED - CLIENT4
mar. 24, 2023 10:16:32 DA TARDE MyLogger logNewMessage
INFO: 2023-03-24 22:16:32.359 - Action : DISCONNECTED - CLIENT1
mar. 25, 2023 11:26:09 DA MANHÃ MyLogger logNewMessage
INFO: 2023-03-25 11:26:09.304 - Action : CONNECTED - CLIENT0
mar. 25, 2023 11:26:51 DA MANHÃ MyLogger logNewMessage
INFO: 2023-03-25 11:26:51.779 - Action : MESSAGE Client - 0 - hola
mar. 25, 2023 11:33:16 DA MANHÃ MyLogger logNewMessage
INFO: 2023-03-25 11:33:16.959 - Action : CONNECTED - CLIENT0
mar. 25, 2023 11:34:29 DA MANHÃ MyLogger logNewMessage
INFO: 2023-03-25 11:34:29.904 - Action : CONNECTED - CLIENT0
mar. 25, 2023 11:34:58 DA MANHÃ MyLogger logNewMessage
INFO: 2023-03-25 11:34:58.127 - Action : DISCONNECTED - CLIENT0
mar. 25, 2023 11:36:30 DA MANHÃ MyLogger logNewMessage
INFO: 2023-03-25 11:36:30.946 - Action : CONNECTED - CLIENT1
mar. 25, 2023 11:36:33 DA MANHÃ MyLogger logNewMessage
INFO: 2023-03-25 11:36:33.504 - Action : DISCONNECTED - CLIENT1
mar. 25, 2023 11:38:42 DA MANHÃ MyLogger logNewMessage
INFO: 2023-03-25 11:38:42.539 - Action : CONNECTED - CLIENT0
mar. 25, 2023 11:39:05 DA MANHÃ MyLogger logNewMessage
INFO: 2023-03-25 11:39:05.179 - Action : DISCONNECTED - CLIENT0
mar. 25, 2023 11:41:39 DA MANHÃ MyLogger logNewMessage
INFO: 2023-03-25 11:41:39.394 - Action : CONNECTED - CLIENT1
mar. 25, 2023 11:43:15 DA MANHÃ MyLogger logNewMessage
INFO: 2023-03-25 11:43:15.385 - Action : CONNECTED - CLIENT2
mar. 25, 2023 11:48:35 DA MANHÃ MyLogger logNewMessage
INFO: 2023-03-25 11:48:35.017 - Action : CONNECTED - CLIENT0
mar. 25, 2023 11:48:40 DA MANHÃ MyLogger logNewMessage
INFO: 2023-03-25 11:48:40.077 - Action : DISCONNECTED - CLIENT0
mar. 25, 2023 11:51:20 DA MANHÃ MyLogger logNewMessage
INFO: 2023-03-25 11:51:20.947 - Action : CONNECTED - CLIENT1
mar. 25, 2023 11:51:25 DA MANHÃ MyLogger logNewMessage
INFO: 2023-03-25 11:51:25.609 - Action : DISCONNECTED - CLIENT1
mar. 25, 2023 11:59:14 DA MANHÃ MyLogger logNewMessage
INFO: 2023-03-25 11:59:14.276 - Action : CONNECTED - CLIENT0
mar. 25, 2023 11:59:16 DA MANHÃ MyLogger logNewMessage
INFO: 2023-03-25 11:59:16.463 - Action : DISCONNECTED - CLIENT0
mar. 25, 2023 12:00:01 DA TARDE MyLogger logNewMessage
INFO: 2023-03-25 12:00:01.977 - Action : CONNECTED - CLIENT0
mar. 25, 2023 12:01:34 DA TARDE MyLogger logNewMessage
INFO: 2023-03-25 12:01:34.789 - Action : CONNECTED - CLIENT0
mar. 25, 2023 12:34:07 DA TARDE MyLogger logNewMessage
INFO: 2023-03-25 12:34:07.42 - Action : CONNECTED - CLIENT0
mar. 25, 2023 12:34:10 DA TARDE MyLogger logNewMessage
INFO: 2023-03-25 12:34:10.242 - Action : DISCONNECTED - CLIENT0
mar. 25, 2023 12:39:55 DA TARDE MyLogger logNewMessage
INFO: 2023-03-25 12:39:54.998 - Action : CONNECTED - CLIENT0
mar. 25, 2023 12:40:33 DA TARDE MyLogger logNewMessage
INFO: 2023-03-25 12:40:33.056 - Action : CONNECTED - CLIENT1
mar. 25, 2023 12:40:48 DA TARDE MyLogger logNewMessage
INFO: 2023-03-25 12:40:48.517 - Action : CONNECTED - CLIENT2
mar. 25, 2023 12:40:53 DA TARDE MyLogger logNewMessage
INFO: 2023-03-25 12:40:53.357 - Action : CONNECTED - CLIENT3
mar. 25, 2023 12:41:38 DA TARDE MyLogger logNewMessage
INFO: 2023-03-25 12:41:38.763 - Action : CONNECTED - CLIENT0
mar. 25, 2023 12:41:42 DA TARDE MyLogger logNewMessage
INFO: 2023-03-25 12:41:42.304 - Action : CONNECTED - CLIENT1
mar. 25, 2023 12:41:45 DA TARDE MyLogger logNewMessage
INFO: 2023-03-25 12:41:45.648 - Action : CONNECTED - CLIENT2
mar. 25, 2023 12:41:49 DA TARDE MyLogger logNewMessage
INFO: 2023-03-25 12:41:49.76 - Action : CONNECTED - CLIENT3
mar. 25, 2023 12:42:19 DA TARDE MyLogger logNewMessage
INFO: 2023-03-25 12:42:19.246 - Action : DISCONNECTED - CLIENT1
mar. 25, 2023 12:43:41 DA TARDE MyLogger logNewMessage
INFO: 2023-03-25 12:43:41.541 - Action : CONNECTED - CLIENT0
mar. 25, 2023 12:43:50 DA TARDE MyLogger logNewMessage
INFO: 2023-03-25 12:43:50.596 - Action : CONNECTED - CLIENT1
mar. 25, 2023 12:43:55 DA TARDE MyLogger logNewMessage
INFO: 2023-03-25 12:43:55.263 - Action : CONNECTED - CLIENT2
mar. 25, 2023 12:44:02 DA TARDE MyLogger logNewMessage
INFO: 2023-03-25 12:44:02.762 - Action : CONNECTED - CLIENT3
mar. 25, 2023 12:44:29 DA TARDE MyLogger logNewMessage
INFO: 2023-03-25 12:44:29.843 - Action : DISCONNECTED - CLIENT2
mar. 25, 2023 12:44:42 DA TARDE MyLogger logNewMessage
INFO: 2023-03-25 12:44:42.448 - Action : CONNECTED - CLIENT4
mar. 25, 2023 12:45:23 DA TARDE MyLogger logNewMessage
INFO: 2023-03-25 12:45:23.387 - Action : CONNECTED - CLIENT0
mar. 25, 2023 12:45:26 DA TARDE MyLogger logNewMessage
INFO: 2023-03-25 12:45:26.704 - Action : CONNECTED - CLIENT1
mar. 25, 2023 12:45:32 DA TARDE MyLogger logNewMessage
INFO: 2023-03-25 12:45:32.224 - Action : CONNECTED - CLIENT2
mar. 25, 2023 12:45:50 DA TARDE MyLogger logNewMessage
INFO: 2023-03-25 12:45:50.719 - Action : CONNECTED - CLIENT3
mar. 25, 2023 12:53:23 DA TARDE MyLogger logNewMessage
INFO: 2023-03-25 12:53:23.116 - Action : CONNECTED - CLIENT0
mar. 25, 2023 12:53:31 DA TARDE MyLogger logNewMessage
INFO: 2023-03-25 12:53:31.311 - Action : CONNECTED - CLIENT1
mar. 25, 2023 12:53:37 DA TARDE MyLogger logNewMessage
INFO: 2023-03-25 12:53:37.785 - Action : CONNECTED - CLIENT2
mar. 25, 2023 12:53:43 DA TARDE MyLogger logNewMessage
INFO: 2023-03-25 12:53:43.176 - Action : CONNECTED - CLIENT3
mar. 25, 2023 12:54:36 DA TARDE MyLogger logNewMessage
INFO: 2023-03-25 12:54:36.581 - Action : DISCONNECTED - CLIENT2
mar. 25, 2023 12:54:56 DA TARDE MyLogger logNewMessage
INFO: 2023-03-25 12:54:56.272 - Action : DISCONNECTED - CLIENT1
mar. 25, 2023 12:56:34 DA TARDE MyLogger logNewMessage
INFO: 2023-03-25 12:56:34.614 - Action : CONNECTED - CLIENT0
mar. 25, 2023 12:56:39 DA TARDE MyLogger logNewMessage
INFO: 2023-03-25 12:56:39.322 - Action : CONNECTED - CLIENT1
mar. 25, 2023 12:56:44 DA TARDE MyLogger logNewMessage
INFO: 2023-03-25 12:56:44.99 - Action : CONNECTED - CLIENT2
mar. 25, 2023 12:56:51 DA TARDE MyLogger logNewMessage
INFO: 2023-03-25 12:56:51.352 - Action : CONNECTED - CLIENT3
mar. 25, 2023 12:57:08 DA TARDE MyLogger logNewMessage
INFO: 2023-03-25 12:57:08.223 - Action : DISCONNECTED - CLIENT2
mar. 25, 2023 1:09:09 DA TARDE MyLogger logNewMessage
INFO: 2023-03-25 13:09:09.216 - Action : CONNECTED - CLIENT0
mar. 25, 2023 1:09:15 DA TARDE MyLogger logNewMessage
INFO: 2023-03-25 13:09:15.464 - Action : CONNECTED - CLIENT1
mar. 25, 2023 1:09:20 DA TARDE MyLogger logNewMessage
INFO: 2023-03-25 13:09:20.284 - Action : CONNECTED - CLIENT2
mar. 25, 2023 1:09:26 DA TARDE MyLogger logNewMessage
INFO: 2023-03-25 13:09:26.305 - Action : CONNECTED - CLIENT3
mar. 25, 2023 1:09:44 DA TARDE MyLogger logNewMessage
INFO: 2023-03-25 13:09:44.513 - Action : DISCONNECTED - CLIENT2
mar. 25, 2023 1:10:15 DA TARDE MyLogger logNewMessage
INFO: 2023-03-25 13:10:15.02 - Action : DISCONNECTED - CLIENT1
mar. 25, 2023 1:10:47 DA TARDE MyLogger logNewMessage
INFO: 2023-03-25 13:10:47.294 - Action : DISCONNECTED - CLIENT0
mar. 25, 2023 1:17:39 DA TARDE MyLogger logNewMessage
INFO: 2023-03-25 13:17:39.237 - Action : CONNECTED - CLIENT0
mar. 25, 2023 1:17:45 DA TARDE MyLogger logNewMessage
INFO: 2023-03-25 13:17:45.292 - Action : CONNECTED - CLIENT1
mar. 25, 2023 1:17:51 DA TARDE MyLogger logNewMessage
INFO: 2023-03-25 13:17:51.641 - Action : CONNECTED - CLIENT2
mar. 25, 2023 1:17:58 DA TARDE MyLogger logNewMessage
INFO: 2023-03-25 13:17:58.343 - Action : CONNECTED - CLIENT3
mar. 25, 2023 1:18:09 DA TARDE MyLogger logNewMessage
INFO: 2023-03-25 13:18:09.794 - Action : DISCONNECTED - CLIENT2
mar. 25, 2023 1:18:20 DA TARDE MyLogger logNewMessage
INFO: 2023-03-25 13:18:20.294 - Action : DISCONNECTED - CLIENT1
mar. 25, 2023 1:32:48 DA TARDE MyLogger logNewMessage
INFO: 2023-03-25 13:32:48.62 - Action : CONNECTED - CLIENT0
mar. 25, 2023 1:54:20 DA TARDE MyLogger logNewMessage
INFO: 2023-03-25 13:54:20.004 - Action : CONNECTED - CLIENT0
mar. 25, 2023 1:54:33 DA TARDE MyLogger logNewMessage
INFO: 2023-03-25 13:54:33.007 - Action : CONNECTED - CLIENT1
mar. 25, 2023 1:54:38 DA TARDE MyLogger logNewMessage
INFO: 2023-03-25 13:54:38.02 - Action : CONNECTED - CLIENT2
mar. 25, 2023 1:54:43 DA TARDE MyLogger logNewMessage
INFO: 2023-03-25 13:54:43.627 - Action : CONNECTED - CLIENT3
mar. 25, 2023 1:54:54 DA TARDE MyLogger logNewMessage
INFO: 2023-03-25 13:54:54.036 - Action : DISCONNECTED - CLIENT2
mar. 25, 2023 1:55:03 DA TARDE MyLogger logNewMessage
INFO: 2023-03-25 13:55:03.894 - Action : DISCONNECTED - CLIENT1
mar. 25, 2023 1:57:22 DA TARDE MyLogger logNewMessage
INFO: 2023-03-25 13:57:22.416 - Action : DISCONNECTED - CLIENT0
mar. 25, 2023 2:00:38 DA TARDE MyLogger logNewMessage
INFO: 2023-03-25 14:00:38.033 - Action : CONNECTED - CLIENT0
mar. 25, 2023 2:00:51 DA TARDE MyLogger logNewMessage
INFO: 2023-03-25 14:00:51.751 - Action : CONNECTED - CLIENT1
mar. 25, 2023 2:00:57 DA TARDE MyLogger logNewMessage
INFO: 2023-03-25 14:00:57.818 - Action : CONNECTED - CLIENT2
mar. 25, 2023 2:01:02 DA TARDE MyLogger logNewMessage
INFO: 2023-03-25 14:01:02.585 - Action : CONNECTED - CLIENT3
mar. 25, 2023 2:01:21 DA TARDE MyLogger logNewMessage
INFO: 2023-03-25 14:01:21.633 - Action : DISCONNECTED - CLIENT2
mar. 25, 2023 2:04:35 DA TARDE MyLogger logNewMessage
INFO: 2023-03-25 14:04:35.222 - Action : CONNECTED - CLIENT0
mar. 25, 2023 2:04:42 DA TARDE MyLogger logNewMessage
INFO: 2023-03-25 14:04:42.266 - Action : CONNECTED - CLIENT1
mar. 25, 2023 2:04:57 DA TARDE MyLogger logNewMessage
INFO: 2023-03-25 14:04:57.569 - Action : CONNECTED - CLIENT2
mar. 25, 2023 2:05:03 DA TARDE MyLogger logNewMessage
INFO: 2023-03-25 14:05:03.129 - Action : CONNECTED - CLIENT3
mar. 25, 2023 2:05:13 DA TARDE MyLogger logNewMessage
INFO: 2023-03-25 14:05:13.656 - Action : DISCONNECTED - CLIENT2
mar. 25, 2023 2:07:55 DA TARDE MyLogger logNewMessage
INFO: 2023-03-25 14:07:55.678 - Action : CONNECTED - CLIENT0
mar. 25, 2023 2:08:02 DA TARDE MyLogger logNewMessage
INFO: 2023-03-25 14:08:02.108 - Action : CONNECTED - CLIENT1
mar. 25, 2023 2:08:07 DA TARDE MyLogger logNewMessage
INFO: 2023-03-25 14:08:07.798 - Action : CONNECTED - CLIENT2
mar. 25, 2023 2:08:23 DA TARDE MyLogger logNewMessage
INFO: 2023-03-25 14:08:23.929 - Action : DISCONNECTED - CLIENT1
mar. 25, 2023 2:08:36 DA TARDE MyLogger logNewMessage
INFO: 2023-03-25 14:08:36.378 - Action : DISCONNECTED - CLIENT0
mar. 25, 2023 2:09:29 DA TARDE MyLogger logNewMessage
INFO: 2023-03-25 14:09:29.434 - Action : CONNECTED - CLIENT0
mar. 25, 2023 2:10:06 DA TARDE MyLogger logNewMessage
INFO: 2023-03-25 14:10:06.078 - Action : CONNECTED - CLIENT0
mar. 25, 2023 2:10:18 DA TARDE MyLogger logNewMessage
INFO: 2023-03-25 14:10:18.571 - Action : CONNECTED - CLIENT1
mar. 25, 2023 2:10:25 DA TARDE MyLogger logNewMessage
INFO: 2023-03-25 14:10:25.319 - Action : CONNECTED - CLIENT2
mar. 25, 2023 2:10:31 DA TARDE MyLogger logNewMessage
INFO: 2023-03-25 14:10:31.522 - Action : CONNECTED - CLIENT3
mar. 25, 2023 2:10:50 DA TARDE MyLogger logNewMessage
INFO: 2023-03-25 14:10:50.217 - Action : DISCONNECTED - CLIENT2
mar. 25, 2023 2:10:58 DA TARDE MyLogger logNewMessage
INFO: 2023-03-25 14:10:58.799 - Action : DISCONNECTED - CLIENT1
mar. 25, 2023 2:11:11 DA TARDE MyLogger logNewMessage
INFO: 2023-03-25 14:11:11.07 - Action : CONNECTED - CLIENT4
mar. 25, 2023 2:12:07 DA TARDE MyLogger logNewMessage
INFO: 2023-03-25 14:12:07.658 - Action : CONNECTED - CLIENT0
mar. 25, 2023 2:12:16 DA TARDE MyLogger logNewMessage
INFO: 2023-03-25 14:12:16.439 - Action : CONNECTED - CLIENT1
mar. 25, 2023 2:12:24 DA TARDE MyLogger logNewMessage
INFO: 2023-03-25 14:12:24.511 - Action : CONNECTED - CLIENT2
mar. 25, 2023 2:12:30 DA TARDE MyLogger logNewMessage
INFO: 2023-03-25 14:12:30.76 - Action : CONNECTED - CLIENT3
mar. 25, 2023 2:12:48 DA TARDE MyLogger logNewMessage
INFO: 2023-03-25 14:12:48.182 - Action : DISCONNECTED - CLIENT2
mar. 25, 2023 2:13:08 DA TARDE MyLogger logNewMessage
INFO: 2023-03-25 14:13:08.307 - Action : DISCONNECTED - CLIENT1
mar. 25, 2023 2:13:17 DA TARDE MyLogger logNewMessage
INFO: 2023-03-25 14:13:17.919 - Action : CONNECTED - CLIENT4
mar. 25, 2023 2:15:29 DA TARDE MyLogger logNewMessage
INFO: 2023-03-25 14:15:29.051 - Action : CONNECTED - CLIENT5
mar. 25, 2023 2:27:36 DA TARDE MyLogger logNewMessage
INFO: 2023-03-25 14:27:36.567 - Action : CONNECTED - CLIENT0
mar. 25, 2023 2:27:41 DA TARDE MyLogger logNewMessage
INFO: 2023-03-25 14:27:41.708 - Action : CONNECTED - CLIENT1
mar. 25, 2023 2:27:47 DA TARDE MyLogger logNewMessage
INFO: 2023-03-25 14:27:47.128 - Action : CONNECTED - CLIENT2
mar. 25, 2023 2:27:53 DA TARDE MyLogger logNewMessage
INFO: 2023-03-25 14:27:53.023 - Action : CONNECTED - CLIENT3
mar. 25, 2023 2:28:19 DA TARDE MyLogger logNewMessage
INFO: 2023-03-25 14:28:19.607 - Action : DISCONNECTED - CLIENT2
mar. 25, 2023 2:28:33 DA TARDE MyLogger logNewMessage
INFO: 2023-03-25 14:28:33.293 - Action : DISCONNECTED - CLIENT1
mar. 25, 2023 2:28:43 DA TARDE MyLogger logNewMessage
INFO: 2023-03-25 14:28:43.523 - Action : CONNECTED - CLIENT4
mar. 25, 2023 2:35:36 DA TARDE MyLogger logNewMessage
INFO: 2023-03-25 14:35:36.473 - Action : CONNECTED - CLIENT0
mar. 25, 2023 2:36:09 DA TARDE MyLogger logNewMessage
INFO: 2023-03-25 14:36:09.737 - Action : CONNECTED - CLIENT1
mar. 25, 2023 2:36:15 DA TARDE MyLogger logNewMessage
INFO: 2023-03-25 14:36:15.265 - Action : CONNECTED - CLIENT2
mar. 25, 2023 2:36:22 DA TARDE MyLogger logNewMessage
INFO: 2023-03-25 14:36:22.937 - Action : CONNECTED - CLIENT3
mar. 25, 2023 2:36:28 DA TARDE MyLogger logNewMessage
INFO: 2023-03-25 14:36:28.754 - Action : CONNECTED - CLIENT4
