mar. 21, 2023 11:02:02 DA TARDE MyLogger logNewMessage
INFO: 2023-03-21 23:02:02.14 - Action : CONNECTED - CLIENT0
mar. 21, 2023 11:02:03 DA TARDE MyLogger logNewMessage
INFO: 2023-03-21 23:02:03.796 - Action : CONNECTED - CLIENT1
mar. 21, 2023 11:02:06 DA TARDE MyLogger logNewMessage
INFO: 2023-03-21 23:02:06.441 - Action : CONNECTED - CLIENT2
mar. 21, 2023 11:02:20 DA TARDE MyLogger logNewMessage
INFO: 2023-03-21 23:02:20.978 - Action : MESSAGE Client - 0 - test
mar. 21, 2023 11:02:30 DA TARDE MyLogger logNewMessage
INFO: 2023-03-21 23:02:30.937 - Action : MESSAGE Client - 1 - fuck
mar. 21, 2023 11:02:42 DA TARDE MyLogger logNewMessage
INFO: 2023-03-21 23:02:42.833 - Action : MESSAGE Client - 2 - motherfucker
mar. 21, 2023 11:02:52 DA TARDE MyLogger logNewMessage
INFO: 2023-03-21 23:02:52.401 - Action : CONNECTED - CLIENT3
mar. 21, 2023 11:03:18 DA TARDE MyLogger logNewMessage
INFO: 2023-03-21 23:03:18.181 - Action : MESSAGE Client - 3 - HELLO
mar 23, 2023 1:13:17 P. M. MyLogger logNewMessage
INFO: 2023-03-23 13:13:17.716 - Action : CONNECTED - CLIENT0
mar 23, 2023 1:13:20 P. M. MyLogger logNewMessage
INFO: 2023-03-23 13:13:20.626 - Action : MESSAGE Client - 0 - hol
mar 23, 2023 1:13:25 P. M. MyLogger logNewMessage
INFO: 2023-03-23 13:13:25.077 - Action : MESSAGE Client - 0 - holaaa
mar 23, 2023 1:34:45 P. M. MyLogger logNewMessage
INFO: 2023-03-23 13:34:45.825 - Action : CONNECTED - CLIENT0
mar 23, 2023 1:34:45 P. M. MyLogger logNewMessage
INFO: 2023-03-23 13:34:45.891 - Action : CONNECTED - CLIENT1
mar 23, 2023 1:34:45 P. M. MyLogger logNewMessage
INFO: 2023-03-23 13:34:45.891 - Action : CONNECTED - CLIENT2
mar 23, 2023 1:34:45 P. M. MyLogger logNewMessage
INFO: 2023-03-23 13:34:45.898 - Action : CONNECTED - CLIENT3
mar 23, 2023 1:34:45 P. M. MyLogger logNewMessage
INFO: 2023-03-23 13:34:45.898 - Action : CONNECTED - CLIENT4
mar 23, 2023 1:34:45 P. M. MyLogger logNewMessage
INFO: 2023-03-23 13:34:45.898 - Action : CONNECTED - CLIENT5
mar 23, 2023 1:34:45 P. M. MyLogger logNewMessage
INFO: 2023-03-23 13:34:45.898 - Action : CONNECTED - CLIENT6
mar 23, 2023 1:34:45 P. M. MyLogger logNewMessage
INFO: 2023-03-23 13:34:45.903 - Action : CONNECTED - CLIENT7
mar 23, 2023 1:34:45 P. M. MyLogger logNewMessage
INFO: 2023-03-23 13:34:45.905 - Action : CONNECTED - CLIENT8
mar 23, 2023 1:34:45 P. M. MyLogger logNewMessage
INFO: 2023-03-23 13:34:45.906 - Action : CONNECTED - CLIENT9
mar 23, 2023 1:34:45 P. M. MyLogger logNewMessage
INFO: 2023-03-23 13:34:45.906 - Action : CONNECTED - CLIENT10
mar 23, 2023 1:34:45 P. M. MyLogger logNewMessage
INFO: 2023-03-23 13:34:45.906 - Action : CONNECTED - CLIENT11
mar 23, 2023 1:35:20 P. M. MyLogger logNewMessage
INFO: 2023-03-23 13:35:20.99 - Action : CONNECTED - CLIENT12
mar 23, 2023 1:35:20 P. M. MyLogger logNewMessage
INFO: 2023-03-23 13:35:20.99 - Action : CONNECTED - CLIENT13
mar 23, 2023 1:35:20 P. M. MyLogger logNewMessage
INFO: 2023-03-23 13:35:20.99 - Action : CONNECTED - CLIENT14
mar 23, 2023 1:35:20 P. M. MyLogger logNewMessage
INFO: 2023-03-23 13:35:20.99 - Action : CONNECTED - CLIENT15
mar 23, 2023 1:35:21 P. M. MyLogger logNewMessage
INFO: 2023-03-23 13:35:21.02 - Action : CONNECTED - CLIENT16
mar 23, 2023 1:35:21 P. M. MyLogger logNewMessage
INFO: 2023-03-23 13:35:21.024 - Action : CONNECTED - CLIENT17
mar 23, 2023 1:35:21 P. M. MyLogger logNewMessage
INFO: 2023-03-23 13:35:21.024 - Action : CONNECTED - CLIENT18
mar 23, 2023 1:35:21 P. M. MyLogger logNewMessage
INFO: 2023-03-23 13:35:21.024 - Action : CONNECTED - CLIENT19
mar 23, 2023 1:35:21 P. M. MyLogger logNewMessage
INFO: 2023-03-23 13:35:21.026 - Action : CONNECTED - CLIENT20
mar 23, 2023 1:35:21 P. M. MyLogger logNewMessage
INFO: 2023-03-23 13:35:21.034 - Action : CONNECTED - CLIENT21
mar 23, 2023 1:35:21 P. M. MyLogger logNewMessage
INFO: 2023-03-23 13:35:21.034 - Action : CONNECTED - CLIENT22
mar 23, 2023 1:35:21 P. M. MyLogger logNewMessage
INFO: 2023-03-23 13:35:21.036 - Action : CONNECTED - CLIENT23
mar 23, 2023 1:36:11 P. M. MyLogger logNewMessage
INFO: 2023-03-23 13:36:11.479 - Action : CONNECTED - CLIENT24
mar 23, 2023 1:36:11 P. M. MyLogger logNewMessage
INFO: 2023-03-23 13:36:11.479 - Action : CONNECTED - CLIENT25
mar 23, 2023 1:36:11 P. M. MyLogger logNewMessage
INFO: 2023-03-23 13:36:11.479 - Action : CONNECTED - CLIENT26
mar 23, 2023 1:36:11 P. M. MyLogger logNewMessage
INFO: 2023-03-23 13:36:11.485 - Action : CONNECTED - CLIENT27
mar 23, 2023 1:36:11 P. M. MyLogger logNewMessage
INFO: 2023-03-23 13:36:11.51 - Action : CONNECTED - CLIENT28
mar 23, 2023 1:36:11 P. M. MyLogger logNewMessage
INFO: 2023-03-23 13:36:11.51 - Action : CONNECTED - CLIENT29
mar 23, 2023 1:36:11 P. M. MyLogger logNewMessage
INFO: 2023-03-23 13:36:11.51 - Action : CONNECTED - CLIENT30
mar 23, 2023 1:36:11 P. M. MyLogger logNewMessage
INFO: 2023-03-23 13:36:11.518 - Action : CONNECTED - CLIENT31
mar 23, 2023 1:36:11 P. M. MyLogger logNewMessage
INFO: 2023-03-23 13:36:11.524 - Action : CONNECTED - CLIENT32
mar 23, 2023 1:36:11 P. M. MyLogger logNewMessage
INFO: 2023-03-23 13:36:11.524 - Action : CONNECTED - CLIENT33
mar 23, 2023 1:36:11 P. M. MyLogger logNewMessage
INFO: 2023-03-23 13:36:11.524 - Action : CONNECTED - CLIENT34
mar 23, 2023 1:36:11 P. M. MyLogger logNewMessage
INFO: 2023-03-23 13:36:11.524 - Action : CONNECTED - CLIENT35
mar 23, 2023 1:36:39 P. M. MyLogger logNewMessage
INFO: 2023-03-23 13:36:39.905 - Action : CONNECTED - CLIENT36
mar 23, 2023 1:36:39 P. M. MyLogger logNewMessage
INFO: 2023-03-23 13:36:39.907 - Action : CONNECTED - CLIENT37
mar 23, 2023 1:36:39 P. M. MyLogger logNewMessage
INFO: 2023-03-23 13:36:39.907 - Action : CONNECTED - CLIENT38
mar 23, 2023 1:36:39 P. M. MyLogger logNewMessage
INFO: 2023-03-23 13:36:39.907 - Action : CONNECTED - CLIENT39
mar 23, 2023 1:36:39 P. M. MyLogger logNewMessage
INFO: 2023-03-23 13:36:39.94 - Action : CONNECTED - CLIENT40
mar 23, 2023 1:36:39 P. M. MyLogger logNewMessage
INFO: 2023-03-23 13:36:39.942 - Action : CONNECTED - CLIENT41
mar 23, 2023 1:36:39 P. M. MyLogger logNewMessage
INFO: 2023-03-23 13:36:39.943 - Action : CONNECTED - CLIENT42
mar 23, 2023 1:36:39 P. M. MyLogger logNewMessage
INFO: 2023-03-23 13:36:39.943 - Action : CONNECTED - CLIENT43
mar 23, 2023 1:36:39 P. M. MyLogger logNewMessage
INFO: 2023-03-23 13:36:39.947 - Action : CONNECTED - CLIENT44
mar 23, 2023 1:36:39 P. M. MyLogger logNewMessage
INFO: 2023-03-23 13:36:39.947 - Action : CONNECTED - CLIENT45
mar 23, 2023 1:36:39 P. M. MyLogger logNewMessage
INFO: 2023-03-23 13:36:39.947 - Action : CONNECTED - CLIENT46
mar 23, 2023 1:36:39 P. M. MyLogger logNewMessage
INFO: 2023-03-23 13:36:39.952 - Action : CONNECTED - CLIENT47
mar 23, 2023 1:36:49 P. M. MyLogger logNewMessage
INFO: 2023-03-23 13:36:49.247 - Action : CONNECTED - CLIENT48
mar 23, 2023 1:36:49 P. M. MyLogger logNewMessage
INFO: 2023-03-23 13:36:49.247 - Action : CONNECTED - CLIENT49
mar 23, 2023 1:36:49 P. M. MyLogger logNewMessage
INFO: 2023-03-23 13:36:49.247 - Action : CONNECTED - CLIENT50
mar 23, 2023 1:36:49 P. M. MyLogger logNewMessage
INFO: 2023-03-23 13:36:49.256 - Action : CONNECTED - CLIENT51
mar 23, 2023 1:36:49 P. M. MyLogger logNewMessage
INFO: 2023-03-23 13:36:49.28 - Action : CONNECTED - CLIENT52
mar 23, 2023 1:36:49 P. M. MyLogger logNewMessage
INFO: 2023-03-23 13:36:49.28 - Action : CONNECTED - CLIENT53
mar 23, 2023 1:36:49 P. M. MyLogger logNewMessage
INFO: 2023-03-23 13:36:49.28 - Action : CONNECTED - CLIENT54
mar 23, 2023 1:36:49 P. M. MyLogger logNewMessage
INFO: 2023-03-23 13:36:49.282 - Action : CONNECTED - CLIENT55
mar 23, 2023 1:36:49 P. M. MyLogger logNewMessage
INFO: 2023-03-23 13:36:49.283 - Action : CONNECTED - CLIENT56
mar 23, 2023 1:36:49 P. M. MyLogger logNewMessage
INFO: 2023-03-23 13:36:49.283 - Action : CONNECTED - CLIENT57
mar 23, 2023 1:36:49 P. M. MyLogger logNewMessage
INFO: 2023-03-23 13:36:49.283 - Action : CONNECTED - CLIENT58
mar 23, 2023 1:36:49 P. M. MyLogger logNewMessage
INFO: 2023-03-23 13:36:49.292 - Action : CONNECTED - CLIENT59
mar 23, 2023 1:37:09 P. M. MyLogger logNewMessage
INFO: 2023-03-23 13:37:09.079 - Action : CONNECTED - CLIENT60
mar 23, 2023 1:37:09 P. M. MyLogger logNewMessage
INFO: 2023-03-23 13:37:09.08 - Action : CONNECTED - CLIENT61
mar 23, 2023 1:37:09 P. M. MyLogger logNewMessage
INFO: 2023-03-23 13:37:09.08 - Action : CONNECTED - CLIENT62
mar 23, 2023 1:37:09 P. M. MyLogger logNewMessage
INFO: 2023-03-23 13:37:09.084 - Action : CONNECTED - CLIENT63
mar 23, 2023 1:37:09 P. M. MyLogger logNewMessage
INFO: 2023-03-23 13:37:09.113 - Action : CONNECTED - CLIENT64
mar 23, 2023 1:37:09 P. M. MyLogger logNewMessage
INFO: 2023-03-23 13:37:09.113 - Action : CONNECTED - CLIENT65
mar 23, 2023 1:37:09 P. M. MyLogger logNewMessage
INFO: 2023-03-23 13:37:09.113 - Action : CONNECTED - CLIENT66
mar 23, 2023 1:37:09 P. M. MyLogger logNewMessage
INFO: 2023-03-23 13:37:09.113 - Action : CONNECTED - CLIENT67
mar 23, 2023 1:37:09 P. M. MyLogger logNewMessage
INFO: 2023-03-23 13:37:09.124 - Action : CONNECTED - CLIENT68
mar 23, 2023 1:37:09 P. M. MyLogger logNewMessage
INFO: 2023-03-23 13:37:09.124 - Action : CONNECTED - CLIENT69
mar 23, 2023 1:37:09 P. M. MyLogger logNewMessage
INFO: 2023-03-23 13:37:09.124 - Action : CONNECTED - CLIENT70
mar 23, 2023 1:37:09 P. M. MyLogger logNewMessage
INFO: 2023-03-23 13:37:09.128 - Action : CONNECTED - CLIENT71
mar 23, 2023 1:37:22 P. M. MyLogger logNewMessage
INFO: 2023-03-23 13:37:22.571 - Action : CONNECTED - CLIENT72
mar 23, 2023 1:37:22 P. M. MyLogger logNewMessage
INFO: 2023-03-23 13:37:22.572 - Action : CONNECTED - CLIENT73
mar 23, 2023 1:37:22 P. M. MyLogger logNewMessage
INFO: 2023-03-23 13:37:22.572 - Action : CONNECTED - CLIENT74
mar 23, 2023 1:37:22 P. M. MyLogger logNewMessage
INFO: 2023-03-23 13:37:22.572 - Action : CONNECTED - CLIENT75
mar 23, 2023 1:37:22 P. M. MyLogger logNewMessage
INFO: 2023-03-23 13:37:22.598 - Action : CONNECTED - CLIENT76
mar 23, 2023 1:37:22 P. M. MyLogger logNewMessage
INFO: 2023-03-23 13:37:22.598 - Action : CONNECTED - CLIENT77
mar 23, 2023 1:37:22 P. M. MyLogger logNewMessage
INFO: 2023-03-23 13:37:22.599 - Action : CONNECTED - CLIENT78
mar 23, 2023 1:37:22 P. M. MyLogger logNewMessage
INFO: 2023-03-23 13:37:22.599 - Action : CONNECTED - CLIENT79
mar 23, 2023 1:37:22 P. M. MyLogger logNewMessage
INFO: 2023-03-23 13:37:22.607 - Action : CONNECTED - CLIENT80
mar 23, 2023 1:37:22 P. M. MyLogger logNewMessage
INFO: 2023-03-23 13:37:22.608 - Action : CONNECTED - CLIENT81
mar 23, 2023 1:37:22 P. M. MyLogger logNewMessage
INFO: 2023-03-23 13:37:22.609 - Action : CONNECTED - CLIENT82
mar 23, 2023 1:37:22 P. M. MyLogger logNewMessage
INFO: 2023-03-23 13:37:22.609 - Action : CONNECTED - CLIENT83
mar 23, 2023 1:37:43 P. M. MyLogger logNewMessage
INFO: 2023-03-23 13:37:43.933 - Action : CONNECTED - CLIENT84
mar 23, 2023 1:37:43 P. M. MyLogger logNewMessage
INFO: 2023-03-23 13:37:43.933 - Action : CONNECTED - CLIENT85
mar 23, 2023 1:37:43 P. M. MyLogger logNewMessage
INFO: 2023-03-23 13:37:43.937 - Action : CONNECTED - CLIENT86
mar 23, 2023 1:37:43 P. M. MyLogger logNewMessage
INFO: 2023-03-23 13:37:43.937 - Action : CONNECTED - CLIENT87
mar 23, 2023 1:37:43 P. M. MyLogger logNewMessage
INFO: 2023-03-23 13:37:43.966 - Action : CONNECTED - CLIENT88
mar 23, 2023 1:37:43 P. M. MyLogger logNewMessage
INFO: 2023-03-23 13:37:43.966 - Action : CONNECTED - CLIENT89
mar 23, 2023 1:37:43 P. M. MyLogger logNewMessage
INFO: 2023-03-23 13:37:43.966 - Action : CONNECTED - CLIENT90
mar 23, 2023 1:37:43 P. M. MyLogger logNewMessage
INFO: 2023-03-23 13:37:43.966 - Action : CONNECTED - CLIENT91
mar 23, 2023 1:37:43 P. M. MyLogger logNewMessage
INFO: 2023-03-23 13:37:43.966 - Action : CONNECTED - CLIENT92
mar 23, 2023 1:37:43 P. M. MyLogger logNewMessage
INFO: 2023-03-23 13:37:43.977 - Action : CONNECTED - CLIENT93
mar 23, 2023 1:37:43 P. M. MyLogger logNewMessage
INFO: 2023-03-23 13:37:43.977 - Action : CONNECTED - CLIENT94
mar 23, 2023 1:37:43 P. M. MyLogger logNewMessage
INFO: 2023-03-23 13:37:43.981 - Action : CONNECTED - CLIENT95
mar 23, 2023 1:37:53 P. M. MyLogger logNewMessage
INFO: 2023-03-23 13:37:53.53 - Action : CONNECTED - CLIENT96
mar 23, 2023 1:37:53 P. M. MyLogger logNewMessage
INFO: 2023-03-23 13:37:53.53 - Action : CONNECTED - CLIENT97
mar 23, 2023 1:37:53 P. M. MyLogger logNewMessage
INFO: 2023-03-23 13:37:53.53 - Action : CONNECTED - CLIENT98
mar 23, 2023 1:37:53 P. M. MyLogger logNewMessage
INFO: 2023-03-23 13:37:53.53 - Action : CONNECTED - CLIENT99
mar 23, 2023 1:37:53 P. M. MyLogger logNewMessage
INFO: 2023-03-23 13:37:53.563 - Action : CONNECTED - CLIENT100
mar 23, 2023 1:37:53 P. M. MyLogger logNewMessage
INFO: 2023-03-23 13:37:53.563 - Action : CONNECTED - CLIENT101
mar 23, 2023 1:37:53 P. M. MyLogger logNewMessage
INFO: 2023-03-23 13:37:53.563 - Action : CONNECTED - CLIENT102
mar 23, 2023 1:37:53 P. M. MyLogger logNewMessage
INFO: 2023-03-23 13:37:53.563 - Action : CONNECTED - CLIENT103
mar 23, 2023 1:37:53 P. M. MyLogger logNewMessage
INFO: 2023-03-23 13:37:53.563 - Action : CONNECTED - CLIENT104
mar 23, 2023 1:37:53 P. M. MyLogger logNewMessage
INFO: 2023-03-23 13:37:53.563 - Action : CONNECTED - CLIENT105
mar 23, 2023 1:37:53 P. M. MyLogger logNewMessage
INFO: 2023-03-23 13:37:53.563 - Action : CONNECTED - CLIENT106
mar 23, 2023 1:37:53 P. M. MyLogger logNewMessage
INFO: 2023-03-23 13:37:53.563 - Action : CONNECTED - CLIENT107
mar 23, 2023 1:38:00 P. M. MyLogger logNewMessage
INFO: 2023-03-23 13:38:00.453 - Action : CONNECTED - CLIENT108
mar 23, 2023 1:38:00 P. M. MyLogger logNewMessage
INFO: 2023-03-23 13:38:00.453 - Action : CONNECTED - CLIENT109
mar 23, 2023 1:38:00 P. M. MyLogger logNewMessage
INFO: 2023-03-23 13:38:00.453 - Action : CONNECTED - CLIENT110
mar 23, 2023 1:38:00 P. M. MyLogger logNewMessage
INFO: 2023-03-23 13:38:00.466 - Action : CONNECTED - CLIENT111
mar 23, 2023 1:38:00 P. M. MyLogger logNewMessage
INFO: 2023-03-23 13:38:00.494 - Action : CONNECTED - CLIENT112
mar 23, 2023 1:38:00 P. M. MyLogger logNewMessage
INFO: 2023-03-23 13:38:00.494 - Action : CONNECTED - CLIENT113
mar 23, 2023 1:38:00 P. M. MyLogger logNewMessage
INFO: 2023-03-23 13:38:00.5 - Action : CONNECTED - CLIENT114
mar 23, 2023 1:38:00 P. M. MyLogger logNewMessage
INFO: 2023-03-23 13:38:00.502 - Action : CONNECTED - CLIENT115
mar 23, 2023 1:38:00 P. M. MyLogger logNewMessage
INFO: 2023-03-23 13:38:00.507 - Action : CONNECTED - CLIENT116
mar 23, 2023 1:38:00 P. M. MyLogger logNewMessage
INFO: 2023-03-23 13:38:00.507 - Action : CONNECTED - CLIENT117
mar 23, 2023 1:38:00 P. M. MyLogger logNewMessage
INFO: 2023-03-23 13:38:00.507 - Action : CONNECTED - CLIENT118
mar 23, 2023 1:38:00 P. M. MyLogger logNewMessage
INFO: 2023-03-23 13:38:00.507 - Action : CONNECTED - CLIENT119
mar 23, 2023 1:38:27 P. M. MyLogger logNewMessage
INFO: 2023-03-23 13:38:27.573 - Action : CONNECTED - CLIENT120
mar 23, 2023 1:44:37 P. M. MyLogger logNewMessage
INFO: 2023-03-23 13:44:37.761 - Action : CONNECTED - CLIENT0
mar 23, 2023 1:44:41 P. M. MyLogger logNewMessage
INFO: 2023-03-23 13:44:41.028 - Action : MESSAGE Client - 0 - ho
mar 23, 2023 2:00:01 P. M. MyLogger logNewMessage
INFO: 2023-03-23 14:00:01.663 - Action : CONNECTED - CLIENT1
mar 23, 2023 2:00:09 P. M. MyLogger logNewMessage
INFO: 2023-03-23 14:00:09.078 - Action : MESSAGE Client - 1 - cesar
mar 23, 2023 2:01:13 P. M. MyLogger logNewMessage
INFO: 2023-03-23 14:01:13.67 - Action : MESSAGE Client - 0 - test
mar 23, 2023 2:30:15 P. M. MyLogger logNewMessage
INFO: 2023-03-23 14:30:15.649 - Action : CONNECTED - CLIENT2
mar 23, 2023 2:30:30 P. M. MyLogger logNewMessage
INFO: 2023-03-23 14:30:30.235 - Action : CONNECTED - CLIENT3
mar 23, 2023 2:32:36 P. M. MyLogger logNewMessage
INFO: 2023-03-23 14:32:36.362 - Action : CONNECTED - CLIENT0
mar 23, 2023 2:49:39 P. M. MyLogger logNewMessage
INFO: 2023-03-23 14:49:39.154 - Action : CONNECTED - CLIENT0
mar 23, 2023 2:50:20 P. M. MyLogger logNewMessage
INFO: 2023-03-23 14:50:20.207 - Action : CONNECTED - CLIENT1
mar 23, 2023 2:50:20 P. M. MyLogger logNewMessage
INFO: 2023-03-23 14:50:20.21 - Action : CONNECTED - CLIENT2
mar 23, 2023 2:51:47 P. M. MyLogger logNewMessage
INFO: 2023-03-23 14:51:47.532 - Action : CONNECTED - CLIENT0
mar 23, 2023 2:53:53 P. M. MyLogger logNewMessage
INFO: 2023-03-23 14:53:53.713 - Action : CONNECTED - CLIENT0
mar 23, 2023 2:54:03 P. M. MyLogger logNewMessage
INFO: 2023-03-23 14:54:03.363 - Action : CONNECTED - CLIENT1
mar 23, 2023 3:14:51 P. M. MyLogger logNewMessage
INFO: 2023-03-23 15:14:51.49 - Action : CONNECTED - CLIENT2
mar 23, 2023 3:18:24 P. M. MyLogger logNewMessage
INFO: 2023-03-23 15:18:24.938 - Action : CONNECTED - CLIENT0
mar 23, 2023 3:18:27 P. M. MyLogger logNewMessage
INFO: 2023-03-23 15:18:27.335 - Action : MESSAGE Client - 0 - f
mar 23, 2023 3:20:03 P. M. MyLogger logNewMessage
INFO: 2023-03-23 15:20:03.649 - Action : CONNECTED - CLIENT0
mar 23, 2023 3:21:42 P. M. MyLogger logNewMessage
INFO: 2023-03-23 15:21:42.654 - Action : CONNECTED - CLIENT0
mar 23, 2023 3:22:25 P. M. MyLogger logNewMessage
INFO: 2023-03-23 15:22:25.148 - Action : CONNECTED - CLIENT0
mar 23, 2023 3:22:27 P. M. MyLogger logNewMessage
INFO: 2023-03-23 15:22:27.386 - Action : CONNECTED - CLIENT1
mar 23, 2023 3:26:35 P. M. MyLogger logNewMessage
INFO: 2023-03-23 15:26:35.873 - Action : CONNECTED - CLIENT0
mar 23, 2023 3:26:46 P. M. MyLogger logNewMessage
INFO: 2023-03-23 15:26:46.529 - Action : MESSAGE Client - 0 - test
mar 23, 2023 3:27:34 P. M. MyLogger logNewMessage
INFO: 2023-03-23 15:27:34.313 - Action : MESSAGE Client - 0 - 1234
mar 23, 2023 3:28:46 P. M. MyLogger logNewMessage
INFO: 2023-03-23 15:28:46.216 - Action : CONNECTED - CLIENT0
mar 23, 2023 3:33:40 P. M. MyLogger logNewMessage
INFO: 2023-03-23 15:33:40.2 - Action : CONNECTED - CLIENT0
mar 23, 2023 3:36:23 P. M. MyLogger logNewMessage
INFO: 2023-03-23 15:36:23.888 - Action : CONNECTED - CLIENT0
mar 23, 2023 3:36:37 P. M. MyLogger logNewMessage
INFO: 2023-03-23 15:36:37.72 - Action : CONNECTED - CLIENT1
mar 23, 2023 3:37:52 P. M. MyLogger logNewMessage
INFO: 2023-03-23 15:37:52.594 - Action : CONNECTED - CLIENT2
mar 23, 2023 4:03:01 P. M. MyLogger logNewMessage
INFO: 2023-03-23 16:03:01.68 - Action : CONNECTED - CLIENT0
mar 23, 2023 4:03:07 P. M. MyLogger logNewMessage
INFO: 2023-03-23 16:03:07.32 - Action : CONNECTED - CLIENT1
mar 23, 2023 4:03:10 P. M. MyLogger logNewMessage
INFO: 2023-03-23 16:03:10.882 - Action : CONNECTED - CLIENT2
mar 23, 2023 4:03:16 P. M. MyLogger logNewMessage
INFO: 2023-03-23 16:03:16.897 - Action : CONNECTED - CLIENT3
mar 23, 2023 4:03:43 P. M. MyLogger logNewMessage
INFO: 2023-03-23 16:03:43.344 - Action : CONNECTED - CLIENT4
mar 23, 2023 4:06:56 P. M. MyLogger logNewMessage
INFO: 2023-03-23 16:06:56.222 - Action : CONNECTED - CLIENT0
mar 23, 2023 4:07:29 P. M. MyLogger logNewMessage
INFO: 2023-03-23 16:07:29.541 - Action : CONNECTED - CLIENT1
mar 23, 2023 4:09:02 P. M. MyLogger logNewMessage
INFO: 2023-03-23 16:09:02.715 - Action : CONNECTED - CLIENT2
mar 23, 2023 4:09:12 P. M. MyLogger logNewMessage
INFO: 2023-03-23 16:09:12.45 - Action : CONNECTED - CLIENT3
mar 23, 2023 4:13:29 P. M. MyLogger logNewMessage
INFO: 2023-03-23 16:13:29.302 - Action : CONNECTED - CLIENT0
mar 23, 2023 4:13:32 P. M. MyLogger logNewMessage
INFO: 2023-03-23 16:13:32.337 - Action : CONNECTED - CLIENT1
mar 23, 2023 4:13:34 P. M. MyLogger logNewMessage
INFO: 2023-03-23 16:13:34.489 - Action : CONNECTED - CLIENT2
mar 23, 2023 4:13:36 P. M. MyLogger logNewMessage
INFO: 2023-03-23 16:13:36.621 - Action : CONNECTED - CLIENT3
mar 23, 2023 6:35:24 P. M. MyLogger logNewMessage
INFO: 2023-03-23 18:35:24.208 - Action : CONNECTED - CLIENT0
mar 23, 2023 6:35:35 P. M. MyLogger logNewMessage
INFO: 2023-03-23 18:35:35.575 - Action : CONNECTED - CLIENT1
mar 23, 2023 6:42:26 P. M. MyLogger logNewMessage
INFO: 2023-03-23 18:42:26.838 - Action : CONNECTED - CLIENT0
mar 23, 2023 6:42:31 P. M. MyLogger logNewMessage
INFO: 2023-03-23 18:42:31.605 - Action : CONNECTED - CLIENT1
mar 23, 2023 6:42:47 P. M. MyLogger logNewMessage
INFO: 2023-03-23 18:42:47.969 - Action : CONNECTED - CLIENT2
mar 23, 2023 6:42:52 P. M. MyLogger logNewMessage
INFO: 2023-03-23 18:42:52.561 - Action : CONNECTED - CLIENT3
mar 23, 2023 6:43:18 P. M. MyLogger logNewMessage
INFO: 2023-03-23 18:43:18.138 - Action : CONNECTED - CLIENT4
mar 23, 2023 6:43:18 P. M. MyLogger logNewMessage
INFO: 2023-03-23 18:43:18.145 - Action : CONNECTED - CLIENT5
mar 23, 2023 6:43:18 P. M. MyLogger logNewMessage
INFO: 2023-03-23 18:43:18.147 - Action : CONNECTED - CLIENT6
mar 23, 2023 6:43:18 P. M. MyLogger logNewMessage
INFO: 2023-03-23 18:43:18.149 - Action : CONNECTED - CLIENT7
mar 23, 2023 6:43:18 P. M. MyLogger logNewMessage
INFO: 2023-03-23 18:43:18.174 - Action : CONNECTED - CLIENT8
mar 23, 2023 6:43:18 P. M. MyLogger logNewMessage
INFO: 2023-03-23 18:43:18.179 - Action : CONNECTED - CLIENT9
mar 23, 2023 6:43:18 P. M. MyLogger logNewMessage
INFO: 2023-03-23 18:43:18.181 - Action : CONNECTED - CLIENT10
mar 23, 2023 6:43:18 P. M. MyLogger logNewMessage
INFO: 2023-03-23 18:43:18.181 - Action : CONNECTED - CLIENT11
mar 23, 2023 6:43:18 P. M. MyLogger logNewMessage
INFO: 2023-03-23 18:43:18.19 - Action : CONNECTED - CLIENT12
mar 23, 2023 6:43:18 P. M. MyLogger logNewMessage
INFO: 2023-03-23 18:43:18.192 - Action : CONNECTED - CLIENT13
mar 23, 2023 6:43:18 P. M. MyLogger logNewMessage
INFO: 2023-03-23 18:43:18.193 - Action : CONNECTED - CLIENT14
mar 23, 2023 6:43:18 P. M. MyLogger logNewMessage
INFO: 2023-03-23 18:43:18.195 - Action : CONNECTED - CLIENT15
mar 23, 2023 6:43:39 P. M. MyLogger logNewMessage
INFO: 2023-03-23 18:43:39.817 - Action : CONNECTED - CLIENT16
mar 23, 2023 6:43:39 P. M. MyLogger logNewMessage
INFO: 2023-03-23 18:43:39.817 - Action : CONNECTED - CLIENT17
mar 23, 2023 6:43:39 P. M. MyLogger logNewMessage
INFO: 2023-03-23 18:43:39.817 - Action : CONNECTED - CLIENT18
mar 23, 2023 6:43:39 P. M. MyLogger logNewMessage
INFO: 2023-03-23 18:43:39.817 - Action : CONNECTED - CLIENT19
mar 23, 2023 6:43:39 P. M. MyLogger logNewMessage
INFO: 2023-03-23 18:43:39.849 - Action : CONNECTED - CLIENT20
mar 23, 2023 6:43:39 P. M. MyLogger logNewMessage
INFO: 2023-03-23 18:43:39.86 - Action : CONNECTED - CLIENT21
mar 23, 2023 6:43:39 P. M. MyLogger logNewMessage
INFO: 2023-03-23 18:43:39.86 - Action : CONNECTED - CLIENT22
mar 23, 2023 6:43:39 P. M. MyLogger logNewMessage
INFO: 2023-03-23 18:43:39.86 - Action : CONNECTED - CLIENT23
mar 23, 2023 6:43:39 P. M. MyLogger logNewMessage
INFO: 2023-03-23 18:43:39.865 - Action : CONNECTED - CLIENT24
mar 23, 2023 6:43:39 P. M. MyLogger logNewMessage
INFO: 2023-03-23 18:43:39.865 - Action : CONNECTED - CLIENT25
mar 23, 2023 6:43:39 P. M. MyLogger logNewMessage
INFO: 2023-03-23 18:43:39.865 - Action : CONNECTED - CLIENT26
mar 23, 2023 6:43:39 P. M. MyLogger logNewMessage
INFO: 2023-03-23 18:43:39.872 - Action : CONNECTED - CLIENT27
